sample.interval=20000
".External" "Rprof" "eval" "eval" "withVisible" "withCallingHandlers" "doTryCatch" "tryCatchOne" "tryCatchList" "tryCatch" "try" "handle" "timing_fn" "evaluate_call" "evaluate::evaluate" "evaluate" "in_dir" "block_exec" "call_block" "process_group.block" "process_group" "withCallingHandlers" "process_file" "knitr::knit" "rmarkdown::render" "withCallingHandlers" "suppressMessages" "render_one" "FUN" "lapply" "sapply" "generator$render" "rmarkdown::render_site" 
"FUN" "lapply" "summaryRprof" "eval" "eval" "withVisible" "withCallingHandlers" "doTryCatch" "tryCatchOne" "tryCatchList" "tryCatch" "try" "handle" "timing_fn" "evaluate_call" "evaluate::evaluate" "evaluate" "in_dir" "block_exec" "call_block" "process_group.block" "process_group" "withCallingHandlers" "process_file" "knitr::knit" "rmarkdown::render" "withCallingHandlers" "suppressMessages" "render_one" "FUN" "lapply" "sapply" "generator$render" "rmarkdown::render_site" 
".External" "dev.off" "block_exec" "call_block" "process_group.block" "process_group" "withCallingHandlers" "process_file" "knitr::knit" "rmarkdown::render" "withCallingHandlers" "suppressMessages" "render_one" "FUN" "lapply" "sapply" "generator$render" "rmarkdown::render_site" 
".External" "dev.off" "block_exec" "call_block" "process_group.block" "process_group" "withCallingHandlers" "process_file" "knitr::knit" "rmarkdown::render" "withCallingHandlers" "suppressMessages" "render_one" "FUN" "lapply" "sapply" "generator$render" "rmarkdown::render_site" 
".External" "<Anonymous>" "do.call" "dev_new" "chunk_device" "block_exec" "call_block" "process_group.block" "process_group" "withCallingHandlers" "process_file" "knitr::knit" "rmarkdown::render" "withCallingHandlers" "suppressMessages" "render_one" "FUN" "lapply" "sapply" "generator$render" "rmarkdown::render_site" 
"aperm" "apply" "find.package" "loadNamespace" "doTryCatch" "tryCatchOne" "tryCatchList" "tryCatch" "library" "eval" "eval" "withVisible" "withCallingHandlers" "doTryCatch" "tryCatchOne" "tryCatchList" "tryCatch" "try" "handle" "timing_fn" "evaluate_call" "evaluate::evaluate" "evaluate" "in_dir" "block_exec" "call_block" "process_group.block" "process_group" "withCallingHandlers" "process_file" "knitr::knit" "rmarkdown::render" "withCallingHandlers" "suppressMessages" "render_one" "FUN" "lapply" "sapply" "generator$render" "rmarkdown::render_site" 
"names" "checkConflicts" "attach" "attachNamespace" "doTryCatch" "tryCatchOne" "tryCatchList" "tryCatch" "library" "eval" "eval" "withVisible" "withCallingHandlers" "doTryCatch" "tryCatchOne" "tryCatchList" "tryCatch" "try" "handle" "timing_fn" "evaluate_call" "evaluate::evaluate" "evaluate" "in_dir" "block_exec" "call_block" "process_group.block" "process_group" "withCallingHandlers" "process_file" "knitr::knit" "rmarkdown::render" "withCallingHandlers" "suppressMessages" "render_one" "FUN" "lapply" "sapply" "generator$render" "rmarkdown::render_site" 
"gc" "microbenchmark" "eval" "eval" "withVisible" "withCallingHandlers" "doTryCatch" "tryCatchOne" "tryCatchList" "tryCatch" "try" "handle" "timing_fn" "evaluate_call" "evaluate::evaluate" "evaluate" "in_dir" "block_exec" "call_block" "process_group.block" "process_group" "withCallingHandlers" "process_file" "knitr::knit" "rmarkdown::render" "withCallingHandlers" "suppressMessages" "render_one" "FUN" "lapply" "sapply" "generator$render" "rmarkdown::render_site" 
"gc" "microbenchmark" "eval" "eval" "withVisible" "withCallingHandlers" "doTryCatch" "tryCatchOne" "tryCatchList" "tryCatch" "try" "handle" "timing_fn" "evaluate_call" "evaluate::evaluate" "evaluate" "in_dir" "block_exec" "call_block" "process_group.block" "process_group" "withCallingHandlers" "process_file" "knitr::knit" "rmarkdown::render" "withCallingHandlers" "suppressMessages" "render_one" "FUN" "lapply" "sapply" "generator$render" "rmarkdown::render_site" 
"gc" "microbenchmark" "eval" "eval" "withVisible" "withCallingHandlers" "doTryCatch" "tryCatchOne" "tryCatchList" "tryCatch" "try" "handle" "timing_fn" "evaluate_call" "evaluate::evaluate" "evaluate" "in_dir" "block_exec" "call_block" "process_group.block" "process_group" "withCallingHandlers" "process_file" "knitr::knit" "rmarkdown::render" "withCallingHandlers" "suppressMessages" "render_one" "FUN" "lapply" "sapply" "generator$render" "rmarkdown::render_site" 
"gc" "microbenchmark" "eval" "eval" "withVisible" "withCallingHandlers" "doTryCatch" "tryCatchOne" "tryCatchList" "tryCatch" "try" "handle" "timing_fn" "evaluate_call" "evaluate::evaluate" "evaluate" "in_dir" "block_exec" "call_block" "process_group.block" "process_group" "withCallingHandlers" "process_file" "knitr::knit" "rmarkdown::render" "withCallingHandlers" "suppressMessages" "render_one" "FUN" "lapply" "sapply" "generator$render" "rmarkdown::render_site" 
"gc" "microbenchmark" "eval" "eval" "withVisible" "withCallingHandlers" "doTryCatch" "tryCatchOne" "tryCatchList" "tryCatch" "try" "handle" "timing_fn" "evaluate_call" "evaluate::evaluate" "evaluate" "in_dir" "block_exec" "call_block" "process_group.block" "process_group" "withCallingHandlers" "process_file" "knitr::knit" "rmarkdown::render" "withCallingHandlers" "suppressMessages" "render_one" "FUN" "lapply" "sapply" "generator$render" "rmarkdown::render_site" 
"gc" "microbenchmark" "eval" "eval" "withVisible" "withCallingHandlers" "doTryCatch" "tryCatchOne" "tryCatchList" "tryCatch" "try" "handle" "timing_fn" "evaluate_call" "evaluate::evaluate" "evaluate" "in_dir" "block_exec" "call_block" "process_group.block" "process_group" "withCallingHandlers" "process_file" "knitr::knit" "rmarkdown::render" "withCallingHandlers" "suppressMessages" "render_one" "FUN" "lapply" "sapply" "generator$render" "rmarkdown::render_site" 
"gc" "microbenchmark" "eval" "eval" "withVisible" "withCallingHandlers" "doTryCatch" "tryCatchOne" "tryCatchList" "tryCatch" "try" "handle" "timing_fn" "evaluate_call" "evaluate::evaluate" "evaluate" "in_dir" "block_exec" "call_block" "process_group.block" "process_group" "withCallingHandlers" "process_file" "knitr::knit" "rmarkdown::render" "withCallingHandlers" "suppressMessages" "render_one" "FUN" "lapply" "sapply" "generator$render" "rmarkdown::render_site" 
".Call" "microbenchmark" "eval" "eval" "withVisible" "withCallingHandlers" "doTryCatch" "tryCatchOne" "tryCatchList" "tryCatch" "try" "handle" "timing_fn" "evaluate_call" "evaluate::evaluate" "evaluate" "in_dir" "block_exec" "call_block" "process_group.block" "process_group" "withCallingHandlers" "process_file" "knitr::knit" "rmarkdown::render" "withCallingHandlers" "suppressMessages" "render_one" "FUN" "lapply" "sapply" "generator$render" "rmarkdown::render_site" 
"[[" "$.knitr_strict_list" "$" "hilight_source" "<Anonymous>" "wrap.source" "FUN" "lapply" "wrap.list" "wrap" "unlist" "block_exec" "call_block" "process_group.block" "process_group" "withCallingHandlers" "process_file" "knitr::knit" "rmarkdown::render" "withCallingHandlers" "suppressMessages" "render_one" "FUN" "lapply" "sapply" "generator$render" "rmarkdown::render_site" 
".External" "dev.off" "block_exec" "call_block" "process_group.block" "process_group" "withCallingHandlers" "process_file" "knitr::knit" "rmarkdown::render" "withCallingHandlers" "suppressMessages" "render_one" "FUN" "lapply" "sapply" "generator$render" "rmarkdown::render_site" 
"iconv" "native_encode" "writeLines" "knitr::knit" "rmarkdown::render" "withCallingHandlers" "suppressMessages" "render_one" "FUN" "lapply" "sapply" "generator$render" "rmarkdown::render_site" 
"writeLines" "knitr::knit" "rmarkdown::render" "withCallingHandlers" "suppressMessages" "render_one" "FUN" "lapply" "sapply" "generator$render" "rmarkdown::render_site" 
"do.call" "paste8" "charToRaw" "textWriter" "FUN" "lapply" "tagWrite" "tryCatchList" "tryCatch" "doRenderTags" "renderTags" "as.character.shiny.tag.list" "as.character" "as.character" "navbar_links_html" "navbar_html" "overlay" "output_format$post_knit" "call_post_knit_handler" "rmarkdown::render" "withCallingHandlers" "suppressMessages" "render_one" "FUN" "lapply" "sapply" "generator$render" "rmarkdown::render_site" 
"readLines" "read_utf8" "rmarkdown::render" "withCallingHandlers" "suppressMessages" "render_one" "FUN" "lapply" "sapply" "generator$render" "rmarkdown::render_site" 
"writeLines" "write_utf8" "rmarkdown::render" "withCallingHandlers" "suppressMessages" "render_one" "FUN" "lapply" "sapply" "generator$render" "rmarkdown::render_site" 
"list.files" "FUN" "lapply" "html_dependencies_as_string" "as_tmpfile" "pandoc_html_extras_args" "base" "output_format$pre_processor" "rmarkdown::render" "withCallingHandlers" "suppressMessages" "render_one" "FUN" "lapply" "sapply" "generator$render" "rmarkdown::render_site" 
"file.info" "FUN" "lapply" "html_dependencies_as_string" "as_tmpfile" "pandoc_html_extras_args" "base" "output_format$pre_processor" "rmarkdown::render" "withCallingHandlers" "suppressMessages" "render_one" "FUN" "lapply" "sapply" "generator$render" "rmarkdown::render_site" 
"dir.create" "FUN" "lapply" "html_dependencies_as_string" "as_tmpfile" "pandoc_html_extras_args" "base" "output_format$pre_processor" "rmarkdown::render" "withCallingHandlers" "suppressMessages" "render_one" "FUN" "lapply" "sapply" "generator$render" "rmarkdown::render_site" 
"file.copy" "<Anonymous>" "mapply" "FUN" "lapply" "html_dependencies_as_string" "as_tmpfile" "pandoc_html_extras_args" "base" "output_format$pre_processor" "rmarkdown::render" "withCallingHandlers" "suppressMessages" "render_one" "FUN" "lapply" "sapply" "generator$render" "rmarkdown::render_site" 
"file.copy" "<Anonymous>" "mapply" "FUN" "lapply" "html_dependencies_as_string" "as_tmpfile" "pandoc_html_extras_args" "base" "output_format$pre_processor" "rmarkdown::render" "withCallingHandlers" "suppressMessages" "render_one" "FUN" "lapply" "sapply" "generator$render" "rmarkdown::render_site" 
"file.copy" "<Anonymous>" "mapply" "FUN" "lapply" "html_dependencies_as_string" "as_tmpfile" "pandoc_html_extras_args" "base" "output_format$pre_processor" "rmarkdown::render" "withCallingHandlers" "suppressMessages" "render_one" "FUN" "lapply" "sapply" "generator$render" "rmarkdown::render_site" 
"file.copy" "<Anonymous>" "mapply" "FUN" "lapply" "html_dependencies_as_string" "as_tmpfile" "pandoc_html_extras_args" "base" "output_format$pre_processor" "rmarkdown::render" "withCallingHandlers" "suppressMessages" "render_one" "FUN" "lapply" "sapply" "generator$render" "rmarkdown::render_site" 
"file.copy" "<Anonymous>" "mapply" "FUN" "lapply" "html_dependencies_as_string" "as_tmpfile" "pandoc_html_extras_args" "base" "output_format$pre_processor" "rmarkdown::render" "withCallingHandlers" "suppressMessages" "render_one" "FUN" "lapply" "sapply" "generator$render" "rmarkdown::render_site" 
"file.copy" "<Anonymous>" "mapply" "FUN" "lapply" "html_dependencies_as_string" "as_tmpfile" "pandoc_html_extras_args" "base" "output_format$pre_processor" "rmarkdown::render" "withCallingHandlers" "suppressMessages" "render_one" "FUN" "lapply" "sapply" "generator$render" "rmarkdown::render_site" 
"file.copy" "<Anonymous>" "mapply" "FUN" "lapply" "html_dependencies_as_string" "as_tmpfile" "pandoc_html_extras_args" "base" "output_format$pre_processor" "rmarkdown::render" "withCallingHandlers" "suppressMessages" "render_one" "FUN" "lapply" "sapply" "generator$render" "rmarkdown::render_site" 
"file.copy" "<Anonymous>" "mapply" "FUN" "lapply" "html_dependencies_as_string" "as_tmpfile" "pandoc_html_extras_args" "base" "output_format$pre_processor" "rmarkdown::render" "withCallingHandlers" "suppressMessages" "render_one" "FUN" "lapply" "sapply" "generator$render" "rmarkdown::render_site" 
"file.copy" "<Anonymous>" "mapply" "FUN" "lapply" "html_dependencies_as_string" "as_tmpfile" "pandoc_html_extras_args" "base" "output_format$pre_processor" "rmarkdown::render" "withCallingHandlers" "suppressMessages" "render_one" "FUN" "lapply" "sapply" "generator$render" "rmarkdown::render_site" 
"file.copy" "<Anonymous>" "mapply" "FUN" "lapply" "html_dependencies_as_string" "as_tmpfile" "pandoc_html_extras_args" "base" "output_format$pre_processor" "rmarkdown::render" "withCallingHandlers" "suppressMessages" "render_one" "FUN" "lapply" "sapply" "generator$render" "rmarkdown::render_site" 
"file.copy" "<Anonymous>" "mapply" "FUN" "lapply" "html_dependencies_as_string" "as_tmpfile" "pandoc_html_extras_args" "base" "output_format$pre_processor" "rmarkdown::render" "withCallingHandlers" "suppressMessages" "render_one" "FUN" "lapply" "sapply" "generator$render" "rmarkdown::render_site" 
"file.copy" "<Anonymous>" "mapply" "FUN" "lapply" "html_dependencies_as_string" "as_tmpfile" "pandoc_html_extras_args" "base" "output_format$pre_processor" "rmarkdown::render" "withCallingHandlers" "suppressMessages" "render_one" "FUN" "lapply" "sapply" "generator$render" "rmarkdown::render_site" 
"file.copy" "<Anonymous>" "mapply" "FUN" "lapply" "html_dependencies_as_string" "as_tmpfile" "pandoc_html_extras_args" "base" "output_format$pre_processor" "rmarkdown::render" "withCallingHandlers" "suppressMessages" "render_one" "FUN" "lapply" "sapply" "generator$render" "rmarkdown::render_site" 
"file.copy" "<Anonymous>" "mapply" "FUN" "lapply" "html_dependencies_as_string" "as_tmpfile" "pandoc_html_extras_args" "base" "output_format$pre_processor" "rmarkdown::render" "withCallingHandlers" "suppressMessages" "render_one" "FUN" "lapply" "sapply" "generator$render" "rmarkdown::render_site" 
"file.copy" "<Anonymous>" "mapply" "FUN" "lapply" "html_dependencies_as_string" "as_tmpfile" "pandoc_html_extras_args" "base" "output_format$pre_processor" "rmarkdown::render" "withCallingHandlers" "suppressMessages" "render_one" "FUN" "lapply" "sapply" "generator$render" "rmarkdown::render_site" 
"file.copy" "<Anonymous>" "mapply" "FUN" "lapply" "html_dependencies_as_string" "as_tmpfile" "pandoc_html_extras_args" "base" "output_format$pre_processor" "rmarkdown::render" "withCallingHandlers" "suppressMessages" "render_one" "FUN" "lapply" "sapply" "generator$render" "rmarkdown::render_site" 
"file.copy" "<Anonymous>" "mapply" "FUN" "lapply" "html_dependencies_as_string" "as_tmpfile" "pandoc_html_extras_args" "base" "output_format$pre_processor" "rmarkdown::render" "withCallingHandlers" "suppressMessages" "render_one" "FUN" "lapply" "sapply" "generator$render" "rmarkdown::render_site" 
"file.copy" "<Anonymous>" "mapply" "FUN" "lapply" "html_dependencies_as_string" "as_tmpfile" "pandoc_html_extras_args" "base" "output_format$pre_processor" "rmarkdown::render" "withCallingHandlers" "suppressMessages" "render_one" "FUN" "lapply" "sapply" "generator$render" "rmarkdown::render_site" 
"file.copy" "<Anonymous>" "mapply" "FUN" "lapply" "html_dependencies_as_string" "as_tmpfile" "pandoc_html_extras_args" "base" "output_format$pre_processor" "rmarkdown::render" "withCallingHandlers" "suppressMessages" "render_one" "FUN" "lapply" "sapply" "generator$render" "rmarkdown::render_site" 
"file.copy" "<Anonymous>" "mapply" "FUN" "lapply" "html_dependencies_as_string" "as_tmpfile" "pandoc_html_extras_args" "base" "output_format$pre_processor" "rmarkdown::render" "withCallingHandlers" "suppressMessages" "render_one" "FUN" "lapply" "sapply" "generator$render" "rmarkdown::render_site" 
"file.copy" "<Anonymous>" "mapply" "FUN" "lapply" "html_dependencies_as_string" "as_tmpfile" "pandoc_html_extras_args" "base" "output_format$pre_processor" "rmarkdown::render" "withCallingHandlers" "suppressMessages" "render_one" "FUN" "lapply" "sapply" "generator$render" "rmarkdown::render_site" 
"file.copy" "<Anonymous>" "mapply" "FUN" "lapply" "html_dependencies_as_string" "as_tmpfile" "pandoc_html_extras_args" "base" "output_format$pre_processor" "rmarkdown::render" "withCallingHandlers" "suppressMessages" "render_one" "FUN" "lapply" "sapply" "generator$render" "rmarkdown::render_site" 
"file.copy" "<Anonymous>" "mapply" "FUN" "lapply" "html_dependencies_as_string" "as_tmpfile" "pandoc_html_extras_args" "base" "output_format$pre_processor" "rmarkdown::render" "withCallingHandlers" "suppressMessages" "render_one" "FUN" "lapply" "sapply" "generator$render" "rmarkdown::render_site" 
"file.info" "FUN" "lapply" "html_dependencies_as_string" "as_tmpfile" "pandoc_html_extras_args" "base" "output_format$pre_processor" "rmarkdown::render" "withCallingHandlers" "suppressMessages" "render_one" "FUN" "lapply" "sapply" "generator$render" "rmarkdown::render_site" 
"file.info" "FUN" "lapply" "html_dependencies_as_string" "as_tmpfile" "pandoc_html_extras_args" "base" "output_format$pre_processor" "rmarkdown::render" "withCallingHandlers" "suppressMessages" "render_one" "FUN" "lapply" "sapply" "generator$render" "rmarkdown::render_site" 
"dir.exists" "file.copy" "<Anonymous>" "mapply" "FUN" "lapply" "html_dependencies_as_string" "as_tmpfile" "pandoc_html_extras_args" "base" "output_format$pre_processor" "rmarkdown::render" "withCallingHandlers" "suppressMessages" "render_one" "FUN" "lapply" "sapply" "generator$render" "rmarkdown::render_site" 
"file.info" "FUN" "lapply" "html_dependencies_as_string" "as_tmpfile" "pandoc_html_extras_args" "base" "output_format$pre_processor" "rmarkdown::render" "withCallingHandlers" "suppressMessages" "render_one" "FUN" "lapply" "sapply" "generator$render" "rmarkdown::render_site" 
"file.info" "FUN" "lapply" "html_dependencies_as_string" "as_tmpfile" "pandoc_html_extras_args" "base" "output_format$pre_processor" "rmarkdown::render" "withCallingHandlers" "suppressMessages" "render_one" "FUN" "lapply" "sapply" "generator$render" "rmarkdown::render_site" 
"file.info" "FUN" "lapply" "html_dependencies_as_string" "as_tmpfile" "pandoc_html_extras_args" "base" "output_format$pre_processor" "rmarkdown::render" "withCallingHandlers" "suppressMessages" "render_one" "FUN" "lapply" "sapply" "generator$render" "rmarkdown::render_site" 
"readLines" "read_utf8" "extract_preserve_chunks" "base" "output_format$pre_processor" "rmarkdown::render" "withCallingHandlers" "suppressMessages" "render_one" "FUN" "lapply" "sapply" "generator$render" "rmarkdown::render_site" 
"gregexpr" "extract" "extract_preserve_chunks" "base" "output_format$pre_processor" "rmarkdown::render" "withCallingHandlers" "suppressMessages" "render_one" "FUN" "lapply" "sapply" "generator$render" "rmarkdown::render_site" 
"system" "force" "with_pandoc_safe_environment" "pandoc_convert" "convert" "rmarkdown::render" "withCallingHandlers" "suppressMessages" "render_one" "FUN" "lapply" "sapply" "generator$render" "rmarkdown::render_site" 
"system" "force" "with_pandoc_safe_environment" "pandoc_convert" "convert" "rmarkdown::render" "withCallingHandlers" "suppressMessages" "render_one" "FUN" "lapply" "sapply" "generator$render" "rmarkdown::render_site" 
"system" "force" "with_pandoc_safe_environment" "pandoc_convert" "convert" "rmarkdown::render" "withCallingHandlers" "suppressMessages" "render_one" "FUN" "lapply" "sapply" "generator$render" "rmarkdown::render_site" 
"system" "force" "with_pandoc_safe_environment" "pandoc_convert" "convert" "rmarkdown::render" "withCallingHandlers" "suppressMessages" "render_one" "FUN" "lapply" "sapply" "generator$render" "rmarkdown::render_site" 
"system" "force" "with_pandoc_safe_environment" "pandoc_convert" "convert" "rmarkdown::render" "withCallingHandlers" "suppressMessages" "render_one" "FUN" "lapply" "sapply" "generator$render" "rmarkdown::render_site" 
"system" "force" "with_pandoc_safe_environment" "pandoc_convert" "convert" "rmarkdown::render" "withCallingHandlers" "suppressMessages" "render_one" "FUN" "lapply" "sapply" "generator$render" "rmarkdown::render_site" 
"system" "force" "with_pandoc_safe_environment" "pandoc_convert" "convert" "rmarkdown::render" "withCallingHandlers" "suppressMessages" "render_one" "FUN" "lapply" "sapply" "generator$render" "rmarkdown::render_site" 
"system" "force" "with_pandoc_safe_environment" "pandoc_convert" "convert" "rmarkdown::render" "withCallingHandlers" "suppressMessages" "render_one" "FUN" "lapply" "sapply" "generator$render" "rmarkdown::render_site" 
"system" "force" "with_pandoc_safe_environment" "pandoc_convert" "convert" "rmarkdown::render" "withCallingHandlers" "suppressMessages" "render_one" "FUN" "lapply" "sapply" "generator$render" "rmarkdown::render_site" 
"system" "force" "with_pandoc_safe_environment" "pandoc_convert" "convert" "rmarkdown::render" "withCallingHandlers" "suppressMessages" "render_one" "FUN" "lapply" "sapply" "generator$render" "rmarkdown::render_site" 
"system" "force" "with_pandoc_safe_environment" "pandoc_convert" "convert" "rmarkdown::render" "withCallingHandlers" "suppressMessages" "render_one" "FUN" "lapply" "sapply" "generator$render" "rmarkdown::render_site" 
"system" "force" "with_pandoc_safe_environment" "pandoc_convert" "convert" "rmarkdown::render" "withCallingHandlers" "suppressMessages" "render_one" "FUN" "lapply" "sapply" "generator$render" "rmarkdown::render_site" 
"system" "force" "with_pandoc_safe_environment" "pandoc_convert" "convert" "rmarkdown::render" "withCallingHandlers" "suppressMessages" "render_one" "FUN" "lapply" "sapply" "generator$render" "rmarkdown::render_site" 
"system" "force" "with_pandoc_safe_environment" "pandoc_convert" "convert" "rmarkdown::render" "withCallingHandlers" "suppressMessages" "render_one" "FUN" "lapply" "sapply" "generator$render" "rmarkdown::render_site" 
"system" "force" "with_pandoc_safe_environment" "pandoc_convert" "convert" "rmarkdown::render" "withCallingHandlers" "suppressMessages" "render_one" "FUN" "lapply" "sapply" "generator$render" "rmarkdown::render_site" 
"system" "force" "with_pandoc_safe_environment" "pandoc_convert" "convert" "rmarkdown::render" "withCallingHandlers" "suppressMessages" "render_one" "FUN" "lapply" "sapply" "generator$render" "rmarkdown::render_site" 
"system" "force" "with_pandoc_safe_environment" "pandoc_convert" "convert" "rmarkdown::render" "withCallingHandlers" "suppressMessages" "render_one" "FUN" "lapply" "sapply" "generator$render" "rmarkdown::render_site" 
"system" "force" "with_pandoc_safe_environment" "pandoc_convert" "convert" "rmarkdown::render" "withCallingHandlers" "suppressMessages" "render_one" "FUN" "lapply" "sapply" "generator$render" "rmarkdown::render_site" 
"system" "force" "with_pandoc_safe_environment" "pandoc_convert" "convert" "rmarkdown::render" "withCallingHandlers" "suppressMessages" "render_one" "FUN" "lapply" "sapply" "generator$render" "rmarkdown::render_site" 
"system" "force" "with_pandoc_safe_environment" "pandoc_convert" "convert" "rmarkdown::render" "withCallingHandlers" "suppressMessages" "render_one" "FUN" "lapply" "sapply" "generator$render" "rmarkdown::render_site" 
"system" "force" "with_pandoc_safe_environment" "pandoc_convert" "convert" "rmarkdown::render" "withCallingHandlers" "suppressMessages" "render_one" "FUN" "lapply" "sapply" "generator$render" "rmarkdown::render_site" 
"system" "force" "with_pandoc_safe_environment" "pandoc_convert" "convert" "rmarkdown::render" "withCallingHandlers" "suppressMessages" "render_one" "FUN" "lapply" "sapply" "generator$render" "rmarkdown::render_site" 
"system" "force" "with_pandoc_safe_environment" "pandoc_convert" "convert" "rmarkdown::render" "withCallingHandlers" "suppressMessages" "render_one" "FUN" "lapply" "sapply" "generator$render" "rmarkdown::render_site" 
"system" "force" "with_pandoc_safe_environment" "pandoc_convert" "convert" "rmarkdown::render" "withCallingHandlers" "suppressMessages" "render_one" "FUN" "lapply" "sapply" "generator$render" "rmarkdown::render_site" 
"system" "force" "with_pandoc_safe_environment" "pandoc_convert" "convert" "rmarkdown::render" "withCallingHandlers" "suppressMessages" "render_one" "FUN" "lapply" "sapply" "generator$render" "rmarkdown::render_site" 
"system" "force" "with_pandoc_safe_environment" "pandoc_convert" "convert" "rmarkdown::render" "withCallingHandlers" "suppressMessages" "render_one" "FUN" "lapply" "sapply" "generator$render" "rmarkdown::render_site" 
"system" "force" "with_pandoc_safe_environment" "pandoc_convert" "convert" "rmarkdown::render" "withCallingHandlers" "suppressMessages" "render_one" "FUN" "lapply" "sapply" "generator$render" "rmarkdown::render_site" 
"system" "force" "with_pandoc_safe_environment" "pandoc_convert" "convert" "rmarkdown::render" "withCallingHandlers" "suppressMessages" "render_one" "FUN" "lapply" "sapply" "generator$render" "rmarkdown::render_site" 
"system" "force" "with_pandoc_safe_environment" "pandoc_convert" "convert" "rmarkdown::render" "withCallingHandlers" "suppressMessages" "render_one" "FUN" "lapply" "sapply" "generator$render" "rmarkdown::render_site" 
"system" "force" "with_pandoc_safe_environment" "pandoc_convert" "convert" "rmarkdown::render" "withCallingHandlers" "suppressMessages" "render_one" "FUN" "lapply" "sapply" "generator$render" "rmarkdown::render_site" 
"system" "force" "with_pandoc_safe_environment" "pandoc_convert" "convert" "rmarkdown::render" "withCallingHandlers" "suppressMessages" "render_one" "FUN" "lapply" "sapply" "generator$render" "rmarkdown::render_site" 
"system" "force" "with_pandoc_safe_environment" "pandoc_convert" "convert" "rmarkdown::render" "withCallingHandlers" "suppressMessages" "render_one" "FUN" "lapply" "sapply" "generator$render" "rmarkdown::render_site" 
"system" "force" "with_pandoc_safe_environment" "pandoc_convert" "convert" "rmarkdown::render" "withCallingHandlers" "suppressMessages" "render_one" "FUN" "lapply" "sapply" "generator$render" "rmarkdown::render_site" 
"system" "force" "with_pandoc_safe_environment" "pandoc_convert" "convert" "rmarkdown::render" "withCallingHandlers" "suppressMessages" "render_one" "FUN" "lapply" "sapply" "generator$render" "rmarkdown::render_site" 
"system" "force" "with_pandoc_safe_environment" "pandoc_convert" "convert" "rmarkdown::render" "withCallingHandlers" "suppressMessages" "render_one" "FUN" "lapply" "sapply" "generator$render" "rmarkdown::render_site" 
"system" "force" "with_pandoc_safe_environment" "pandoc_convert" "convert" "rmarkdown::render" "withCallingHandlers" "suppressMessages" "render_one" "FUN" "lapply" "sapply" "generator$render" "rmarkdown::render_site" 
"system" "force" "with_pandoc_safe_environment" "pandoc_convert" "convert" "rmarkdown::render" "withCallingHandlers" "suppressMessages" "render_one" "FUN" "lapply" "sapply" "generator$render" "rmarkdown::render_site" 
"system" "force" "with_pandoc_safe_environment" "pandoc_convert" "convert" "rmarkdown::render" "withCallingHandlers" "suppressMessages" "render_one" "FUN" "lapply" "sapply" "generator$render" "rmarkdown::render_site" 
"system" "force" "with_pandoc_safe_environment" "pandoc_convert" "convert" "rmarkdown::render" "withCallingHandlers" "suppressMessages" "render_one" "FUN" "lapply" "sapply" "generator$render" "rmarkdown::render_site" 
"system" "force" "with_pandoc_safe_environment" "pandoc_convert" "convert" "rmarkdown::render" "withCallingHandlers" "suppressMessages" "render_one" "FUN" "lapply" "sapply" "generator$render" "rmarkdown::render_site" 
"system" "force" "with_pandoc_safe_environment" "pandoc_convert" "convert" "rmarkdown::render" "withCallingHandlers" "suppressMessages" "render_one" "FUN" "lapply" "sapply" "generator$render" "rmarkdown::render_site" 
"system" "force" "with_pandoc_safe_environment" "pandoc_convert" "convert" "rmarkdown::render" "withCallingHandlers" "suppressMessages" "render_one" "FUN" "lapply" "sapply" "generator$render" "rmarkdown::render_site" 
"system" "force" "with_pandoc_safe_environment" "pandoc_convert" "convert" "rmarkdown::render" "withCallingHandlers" "suppressMessages" "render_one" "FUN" "lapply" "sapply" "generator$render" "rmarkdown::render_site" 
"system" "force" "with_pandoc_safe_environment" "pandoc_convert" "convert" "rmarkdown::render" "withCallingHandlers" "suppressMessages" "render_one" "FUN" "lapply" "sapply" "generator$render" "rmarkdown::render_site" 
"system" "force" "with_pandoc_safe_environment" "pandoc_convert" "convert" "rmarkdown::render" "withCallingHandlers" "suppressMessages" "render_one" "FUN" "lapply" "sapply" "generator$render" "rmarkdown::render_site" 
"system" "force" "with_pandoc_safe_environment" "pandoc_convert" "convert" "rmarkdown::render" "withCallingHandlers" "suppressMessages" "render_one" "FUN" "lapply" "sapply" "generator$render" "rmarkdown::render_site" 
"system" "force" "with_pandoc_safe_environment" "pandoc_convert" "convert" "rmarkdown::render" "withCallingHandlers" "suppressMessages" "render_one" "FUN" "lapply" "sapply" "generator$render" "rmarkdown::render_site" 
"system" "force" "with_pandoc_safe_environment" "pandoc_convert" "convert" "rmarkdown::render" "withCallingHandlers" "suppressMessages" "render_one" "FUN" "lapply" "sapply" "generator$render" "rmarkdown::render_site" 
"system" "force" "with_pandoc_safe_environment" "pandoc_convert" "convert" "rmarkdown::render" "withCallingHandlers" "suppressMessages" "render_one" "FUN" "lapply" "sapply" "generator$render" "rmarkdown::render_site" 
"system" "force" "with_pandoc_safe_environment" "pandoc_convert" "convert" "rmarkdown::render" "withCallingHandlers" "suppressMessages" "render_one" "FUN" "lapply" "sapply" "generator$render" "rmarkdown::render_site" 
"system" "force" "with_pandoc_safe_environment" "pandoc_convert" "convert" "rmarkdown::render" "withCallingHandlers" "suppressMessages" "render_one" "FUN" "lapply" "sapply" "generator$render" "rmarkdown::render_site" 
"system" "force" "with_pandoc_safe_environment" "pandoc_convert" "convert" "rmarkdown::render" "withCallingHandlers" "suppressMessages" "render_one" "FUN" "lapply" "sapply" "generator$render" "rmarkdown::render_site" 
"system" "force" "with_pandoc_safe_environment" "pandoc_convert" "convert" "rmarkdown::render" "withCallingHandlers" "suppressMessages" "render_one" "FUN" "lapply" "sapply" "generator$render" "rmarkdown::render_site" 
"system" "force" "with_pandoc_safe_environment" "pandoc_convert" "convert" "rmarkdown::render" "withCallingHandlers" "suppressMessages" "render_one" "FUN" "lapply" "sapply" "generator$render" "rmarkdown::render_site" 
"system" "force" "with_pandoc_safe_environment" "pandoc_convert" "convert" "rmarkdown::render" "withCallingHandlers" "suppressMessages" "render_one" "FUN" "lapply" "sapply" "generator$render" "rmarkdown::render_site" 
"system" "force" "with_pandoc_safe_environment" "pandoc_convert" "convert" "rmarkdown::render" "withCallingHandlers" "suppressMessages" "render_one" "FUN" "lapply" "sapply" "generator$render" "rmarkdown::render_site" 
"system" "force" "with_pandoc_safe_environment" "pandoc_convert" "convert" "rmarkdown::render" "withCallingHandlers" "suppressMessages" "render_one" "FUN" "lapply" "sapply" "generator$render" "rmarkdown::render_site" 
"system" "force" "with_pandoc_safe_environment" "pandoc_convert" "convert" "rmarkdown::render" "withCallingHandlers" "suppressMessages" "render_one" "FUN" "lapply" "sapply" "generator$render" "rmarkdown::render_site" 
"system" "force" "with_pandoc_safe_environment" "pandoc_convert" "convert" "rmarkdown::render" "withCallingHandlers" "suppressMessages" "render_one" "FUN" "lapply" "sapply" "generator$render" "rmarkdown::render_site" 
"system" "force" "with_pandoc_safe_environment" "pandoc_convert" "convert" "rmarkdown::render" "withCallingHandlers" "suppressMessages" "render_one" "FUN" "lapply" "sapply" "generator$render" "rmarkdown::render_site" 
"system" "force" "with_pandoc_safe_environment" "pandoc_convert" "convert" "rmarkdown::render" "withCallingHandlers" "suppressMessages" "render_one" "FUN" "lapply" "sapply" "generator$render" "rmarkdown::render_site" 
"system" "force" "with_pandoc_safe_environment" "pandoc_convert" "convert" "rmarkdown::render" "withCallingHandlers" "suppressMessages" "render_one" "FUN" "lapply" "sapply" "generator$render" "rmarkdown::render_site" 
"system" "force" "with_pandoc_safe_environment" "pandoc_convert" "convert" "rmarkdown::render" "withCallingHandlers" "suppressMessages" "render_one" "FUN" "lapply" "sapply" "generator$render" "rmarkdown::render_site" 
"system" "force" "with_pandoc_safe_environment" "pandoc_convert" "convert" "rmarkdown::render" "withCallingHandlers" "suppressMessages" "render_one" "FUN" "lapply" "sapply" "generator$render" "rmarkdown::render_site" 
"system" "force" "with_pandoc_safe_environment" "pandoc_convert" "convert" "rmarkdown::render" "withCallingHandlers" "suppressMessages" "render_one" "FUN" "lapply" "sapply" "generator$render" "rmarkdown::render_site" 
"system" "force" "with_pandoc_safe_environment" "pandoc_convert" "convert" "rmarkdown::render" "withCallingHandlers" "suppressMessages" "render_one" "FUN" "lapply" "sapply" "generator$render" "rmarkdown::render_site" 
"system" "force" "with_pandoc_safe_environment" "pandoc_convert" "convert" "rmarkdown::render" "withCallingHandlers" "suppressMessages" "render_one" "FUN" "lapply" "sapply" "generator$render" "rmarkdown::render_site" 
"system" "force" "with_pandoc_safe_environment" "pandoc_convert" "convert" "rmarkdown::render" "withCallingHandlers" "suppressMessages" "render_one" "FUN" "lapply" "sapply" "generator$render" "rmarkdown::render_site" 
"system" "force" "with_pandoc_safe_environment" "pandoc_convert" "convert" "rmarkdown::render" "withCallingHandlers" "suppressMessages" "render_one" "FUN" "lapply" "sapply" "generator$render" "rmarkdown::render_site" 
"system" "force" "with_pandoc_safe_environment" "pandoc_convert" "convert" "rmarkdown::render" "withCallingHandlers" "suppressMessages" "render_one" "FUN" "lapply" "sapply" "generator$render" "rmarkdown::render_site" 
"system" "force" "with_pandoc_safe_environment" "pandoc_convert" "convert" "rmarkdown::render" "withCallingHandlers" "suppressMessages" "render_one" "FUN" "lapply" "sapply" "generator$render" "rmarkdown::render_site" 
"system" "force" "with_pandoc_safe_environment" "pandoc_convert" "convert" "rmarkdown::render" "withCallingHandlers" "suppressMessages" "render_one" "FUN" "lapply" "sapply" "generator$render" "rmarkdown::render_site" 
"system" "force" "with_pandoc_safe_environment" "pandoc_convert" "convert" "rmarkdown::render" "withCallingHandlers" "suppressMessages" "render_one" "FUN" "lapply" "sapply" "generator$render" "rmarkdown::render_site" 
"system" "force" "with_pandoc_safe_environment" "pandoc_convert" "convert" "rmarkdown::render" "withCallingHandlers" "suppressMessages" "render_one" "FUN" "lapply" "sapply" "generator$render" "rmarkdown::render_site" 
"system" "force" "with_pandoc_safe_environment" "pandoc_convert" "convert" "rmarkdown::render" "withCallingHandlers" "suppressMessages" "render_one" "FUN" "lapply" "sapply" "generator$render" "rmarkdown::render_site" 
"system" "force" "with_pandoc_safe_environment" "pandoc_convert" "convert" "rmarkdown::render" "withCallingHandlers" "suppressMessages" "render_one" "FUN" "lapply" "sapply" "generator$render" "rmarkdown::render_site" 
"system" "force" "with_pandoc_safe_environment" "pandoc_convert" "convert" "rmarkdown::render" "withCallingHandlers" "suppressMessages" "render_one" "FUN" "lapply" "sapply" "generator$render" "rmarkdown::render_site" 
"system" "force" "with_pandoc_safe_environment" "pandoc_convert" "convert" "rmarkdown::render" "withCallingHandlers" "suppressMessages" "render_one" "FUN" "lapply" "sapply" "generator$render" "rmarkdown::render_site" 
"system" "force" "with_pandoc_safe_environment" "pandoc_convert" "convert" "rmarkdown::render" "withCallingHandlers" "suppressMessages" "render_one" "FUN" "lapply" "sapply" "generator$render" "rmarkdown::render_site" 
"system" "force" "with_pandoc_safe_environment" "pandoc_convert" "convert" "rmarkdown::render" "withCallingHandlers" "suppressMessages" "render_one" "FUN" "lapply" "sapply" "generator$render" "rmarkdown::render_site" 
"system" "force" "with_pandoc_safe_environment" "pandoc_convert" "convert" "rmarkdown::render" "withCallingHandlers" "suppressMessages" "render_one" "FUN" "lapply" "sapply" "generator$render" "rmarkdown::render_site" 
"system" "force" "with_pandoc_safe_environment" "pandoc_convert" "convert" "rmarkdown::render" "withCallingHandlers" "suppressMessages" "render_one" "FUN" "lapply" "sapply" "generator$render" "rmarkdown::render_site" 
"system" "force" "with_pandoc_safe_environment" "pandoc_convert" "convert" "rmarkdown::render" "withCallingHandlers" "suppressMessages" "render_one" "FUN" "lapply" "sapply" "generator$render" "rmarkdown::render_site" 
"base::file" "read_utf8" "output_format$post_processor" "rmarkdown::render" "withCallingHandlers" "suppressMessages" "render_one" "FUN" "lapply" "sapply" "generator$render" "rmarkdown::render_site" 
"paste" "one_string" "process_html_res" "process_images" "output_format$post_processor" "rmarkdown::render" "withCallingHandlers" "suppressMessages" "render_one" "FUN" "lapply" "sapply" "generator$render" "rmarkdown::render_site" 
"writeLines" "write_utf8" "output_format$post_processor" "rmarkdown::render" "withCallingHandlers" "suppressMessages" "render_one" "FUN" "lapply" "sapply" "generator$render" "rmarkdown::render_site" 
"file.copy" "generator$render" "rmarkdown::render_site" 
"file.copy" "generator$render" "rmarkdown::render_site" 
"file.copy" "generator$render" "rmarkdown::render_site" 
"file.copy" "generator$render" "rmarkdown::render_site" 
"unlink" "generator$render" "rmarkdown::render_site" 
"file.copy" "copy_site_resources" "generator$render" "rmarkdown::render_site" 
"file.copy" "copy_site_resources" "generator$render" "rmarkdown::render_site" 
"file.copy" "copy_site_resources" "generator$render" "rmarkdown::render_site" 
"file.copy" "copy_site_resources" "generator$render" "rmarkdown::render_site" 
