sample.interval=20000
"tryCatchOne" "tryCatchList" "tryCatch" "try" "handle" "timing_fn" "evaluate_call" "evaluate::evaluate" "evaluate" "in_dir" "block_exec" "call_block" "process_group.block" "process_group" "withCallingHandlers" "process_file" "knitr::knit" "rmarkdown::render" "withCallingHandlers" "suppressMessages" "render_one" "FUN" "lapply" "sapply" "generator$render" "rmarkdown::render_site" 
".External" "dev.off" "block_exec" "call_block" "process_group.block" "process_group" "withCallingHandlers" "process_file" "knitr::knit" "rmarkdown::render" "withCallingHandlers" "suppressMessages" "render_one" "FUN" "lapply" "sapply" "generator$render" "rmarkdown::render_site" 
"gettext" "namespaceImportFrom" "loadNamespace" "doTryCatch" "tryCatchOne" "tryCatchList" "tryCatch" "library" "eval" "eval" "withVisible" "withCallingHandlers" "doTryCatch" "tryCatchOne" "tryCatchList" "tryCatch" "try" "handle" "timing_fn" "evaluate_call" "evaluate::evaluate" "evaluate" "in_dir" "block_exec" "call_block" "process_group.block" "process_group" "withCallingHandlers" "process_file" "knitr::knit" "rmarkdown::render" "withCallingHandlers" "suppressMessages" "render_one" "FUN" "lapply" "sapply" "generator$render" "rmarkdown::render_site" 
"gc" "microbenchmark" "eval" "eval" "withVisible" "withCallingHandlers" "doTryCatch" "tryCatchOne" "tryCatchList" "tryCatch" "try" "handle" "timing_fn" "evaluate_call" "evaluate::evaluate" "evaluate" "in_dir" "block_exec" "call_block" "process_group.block" "process_group" "withCallingHandlers" "process_file" "knitr::knit" "rmarkdown::render" "withCallingHandlers" "suppressMessages" "render_one" "FUN" "lapply" "sapply" "generator$render" "rmarkdown::render_site" 
"gc" "microbenchmark" "eval" "eval" "withVisible" "withCallingHandlers" "doTryCatch" "tryCatchOne" "tryCatchList" "tryCatch" "try" "handle" "timing_fn" "evaluate_call" "evaluate::evaluate" "evaluate" "in_dir" "block_exec" "call_block" "process_group.block" "process_group" "withCallingHandlers" "process_file" "knitr::knit" "rmarkdown::render" "withCallingHandlers" "suppressMessages" "render_one" "FUN" "lapply" "sapply" "generator$render" "rmarkdown::render_site" 
"gc" "microbenchmark" "eval" "eval" "withVisible" "withCallingHandlers" "doTryCatch" "tryCatchOne" "tryCatchList" "tryCatch" "try" "handle" "timing_fn" "evaluate_call" "evaluate::evaluate" "evaluate" "in_dir" "block_exec" "call_block" "process_group.block" "process_group" "withCallingHandlers" "process_file" "knitr::knit" "rmarkdown::render" "withCallingHandlers" "suppressMessages" "render_one" "FUN" "lapply" "sapply" "generator$render" "rmarkdown::render_site" 
".Call" "microbenchmark" "eval" "eval" "withVisible" "withCallingHandlers" "doTryCatch" "tryCatchOne" "tryCatchList" "tryCatch" "try" "handle" "timing_fn" "evaluate_call" "evaluate::evaluate" "evaluate" "in_dir" "block_exec" "call_block" "process_group.block" "process_group" "withCallingHandlers" "process_file" "knitr::knit" "rmarkdown::render" "withCallingHandlers" "suppressMessages" "render_one" "FUN" "lapply" "sapply" "generator$render" "rmarkdown::render_site" 
"paste0" "w$get_new" "handle_output" "evaluate_call" "evaluate::evaluate" "evaluate" "in_dir" "block_exec" "call_block" "process_group.block" "process_group" "withCallingHandlers" "process_file" "knitr::knit" "rmarkdown::render" "withCallingHandlers" "suppressMessages" "render_one" "FUN" "lapply" "sapply" "generator$render" "rmarkdown::render_site" 
"paste" "knitr::knit" "rmarkdown::render" "withCallingHandlers" "suppressMessages" "render_one" "FUN" "lapply" "sapply" "generator$render" "rmarkdown::render_site" 
"lazyLoadDBfetch" "FUN" "lapply" "navbar_links_tags" "navbar_links_html" "navbar_html" "overlay" "output_format$post_knit" "call_post_knit_handler" "rmarkdown::render" "withCallingHandlers" "suppressMessages" "render_one" "FUN" "lapply" "sapply" "generator$render" "rmarkdown::render_site" 
"readLines" "read_utf8" "rmarkdown::render" "withCallingHandlers" "suppressMessages" "render_one" "FUN" "lapply" "sapply" "generator$render" "rmarkdown::render_site" 
"file.copy" "<Anonymous>" "mapply" "FUN" "lapply" "html_dependencies_as_string" "as_tmpfile" "pandoc_html_extras_args" "base" "output_format$pre_processor" "rmarkdown::render" "withCallingHandlers" "suppressMessages" "render_one" "FUN" "lapply" "sapply" "generator$render" "rmarkdown::render_site" 
"file.copy" "<Anonymous>" "mapply" "FUN" "lapply" "html_dependencies_as_string" "as_tmpfile" "pandoc_html_extras_args" "base" "output_format$pre_processor" "rmarkdown::render" "withCallingHandlers" "suppressMessages" "render_one" "FUN" "lapply" "sapply" "generator$render" "rmarkdown::render_site" 
"file.copy" "<Anonymous>" "mapply" "FUN" "lapply" "html_dependencies_as_string" "as_tmpfile" "pandoc_html_extras_args" "base" "output_format$pre_processor" "rmarkdown::render" "withCallingHandlers" "suppressMessages" "render_one" "FUN" "lapply" "sapply" "generator$render" "rmarkdown::render_site" 
"dir.exists" "utils::file_test" "dir_exists" "FUN" "lapply" "html_dependencies_as_string" "as_tmpfile" "pandoc_html_extras_args" "base" "output_format$pre_processor" "rmarkdown::render" "withCallingHandlers" "suppressMessages" "render_one" "FUN" "lapply" "sapply" "generator$render" "rmarkdown::render_site" 
"gregexpr" "extract" "extract_preserve_chunks" "base" "output_format$pre_processor" "rmarkdown::render" "withCallingHandlers" "suppressMessages" "render_one" "FUN" "lapply" "sapply" "generator$render" "rmarkdown::render_site" 
"system" "force" "with_pandoc_safe_environment" "pandoc_convert" "convert" "rmarkdown::render" "withCallingHandlers" "suppressMessages" "render_one" "FUN" "lapply" "sapply" "generator$render" "rmarkdown::render_site" 
"system" "force" "with_pandoc_safe_environment" "pandoc_convert" "convert" "rmarkdown::render" "withCallingHandlers" "suppressMessages" "render_one" "FUN" "lapply" "sapply" "generator$render" "rmarkdown::render_site" 
"system" "force" "with_pandoc_safe_environment" "pandoc_convert" "convert" "rmarkdown::render" "withCallingHandlers" "suppressMessages" "render_one" "FUN" "lapply" "sapply" "generator$render" "rmarkdown::render_site" 
"system" "force" "with_pandoc_safe_environment" "pandoc_convert" "convert" "rmarkdown::render" "withCallingHandlers" "suppressMessages" "render_one" "FUN" "lapply" "sapply" "generator$render" "rmarkdown::render_site" 
"system" "force" "with_pandoc_safe_environment" "pandoc_convert" "convert" "rmarkdown::render" "withCallingHandlers" "suppressMessages" "render_one" "FUN" "lapply" "sapply" "generator$render" "rmarkdown::render_site" 
"system" "force" "with_pandoc_safe_environment" "pandoc_convert" "convert" "rmarkdown::render" "withCallingHandlers" "suppressMessages" "render_one" "FUN" "lapply" "sapply" "generator$render" "rmarkdown::render_site" 
"system" "force" "with_pandoc_safe_environment" "pandoc_convert" "convert" "rmarkdown::render" "withCallingHandlers" "suppressMessages" "render_one" "FUN" "lapply" "sapply" "generator$render" "rmarkdown::render_site" 
"system" "force" "with_pandoc_safe_environment" "pandoc_convert" "convert" "rmarkdown::render" "withCallingHandlers" "suppressMessages" "render_one" "FUN" "lapply" "sapply" "generator$render" "rmarkdown::render_site" 
"system" "force" "with_pandoc_safe_environment" "pandoc_convert" "convert" "rmarkdown::render" "withCallingHandlers" "suppressMessages" "render_one" "FUN" "lapply" "sapply" "generator$render" "rmarkdown::render_site" 
"system" "force" "with_pandoc_safe_environment" "pandoc_convert" "convert" "rmarkdown::render" "withCallingHandlers" "suppressMessages" "render_one" "FUN" "lapply" "sapply" "generator$render" "rmarkdown::render_site" 
"system" "force" "with_pandoc_safe_environment" "pandoc_convert" "convert" "rmarkdown::render" "withCallingHandlers" "suppressMessages" "render_one" "FUN" "lapply" "sapply" "generator$render" "rmarkdown::render_site" 
"normalizePath" "normalize_path" "substr" "relative_to" "normalized_relative_to" "grepl" "utils::URLencode" "sub" "processor" "replacement" "str_transform_all" "stringr::str_replace_all" "process_html_res" "process_images" "output_format$post_processor" "rmarkdown::render" "withCallingHandlers" "suppressMessages" "render_one" "FUN" "lapply" "sapply" "generator$render" "rmarkdown::render_site" 
"file.rename" "generator$render" "rmarkdown::render_site" 
"file.copy" "generator$render" "rmarkdown::render_site" 
"file.copy" "generator$render" "rmarkdown::render_site" 
"unlink" "generator$render" "rmarkdown::render_site" 
"unlink" "generator$render" "rmarkdown::render_site" 
"file.copy" "copy_site_resources" "generator$render" "rmarkdown::render_site" 
